[0.288s] DEBUG:colcon:Command line arguments: ['/usr/bin/colcon', 'build', '--packages-select', 'arm_sim', '--symlink-install']
[0.288s] DEBUG:colcon:Parsed command line arguments: Namespace(log_base=None, log_level=None, verb_name='build', build_base='build', install_base='install', merge_install=False, symlink_install=True, test_result_base=None, continue_on_error=False, executor='parallel', parallel_workers=4, event_handlers=None, ignore_user_meta=False, metas=['./colcon.meta'], base_paths=['.'], packages_ignore=None, packages_ignore_regex=None, paths=None, packages_up_to=None, packages_up_to_regex=None, packages_above=None, packages_above_and_dependencies=None, packages_above_depth=None, packages_select_by_dep=None, packages_skip_by_dep=None, packages_skip_up_to=None, packages_select_build_failed=False, packages_skip_build_finished=False, packages_select_test_failures=False, packages_skip_test_passed=False, packages_select=['arm_sim'], packages_skip=None, packages_select_regex=None, packages_skip_regex=None, packages_start=None, packages_end=None, allow_overriding=[], cmake_args=None, cmake_target=None, cmake_target_skip_unavailable=False, cmake_clean_cache=False, cmake_clean_first=False, cmake_force_configure=False, ament_cmake_args=None, catkin_cmake_args=None, catkin_skip_building_tests=False, mixin_files=None, mixin=None, verb_parser=<colcon_mixin.mixin.mixin_argument.MixinArgumentDecorator object at 0x7882f5ff3e60>, verb_extension=<colcon_core.verb.build.BuildVerb object at 0x7882f5ff3b90>, main=<bound method BuildVerb.main of <colcon_core.verb.build.BuildVerb object at 0x7882f5ff3b90>>, mixin_verb=('build',))
[0.371s] Level 1:colcon.colcon_core.package_discovery:discover_packages(colcon_meta) check parameters
[0.371s] Level 1:colcon.colcon_core.package_discovery:discover_packages(recursive) check parameters
[0.371s] Level 1:colcon.colcon_core.package_discovery:discover_packages(ignore) check parameters
[0.371s] Level 1:colcon.colcon_core.package_discovery:discover_packages(path) check parameters
[0.371s] Level 1:colcon.colcon_core.package_discovery:discover_packages(colcon_meta) discover
[0.371s] Level 1:colcon.colcon_core.package_discovery:discover_packages(recursive) discover
[0.371s] INFO:colcon.colcon_core.package_discovery:Crawling recursively for packages in '/home/tony/progetti_ros/RP/ws'
[0.372s] Level 1:colcon.colcon_core.package_identification:_identify(.) by extensions ['ignore', 'ignore_ament_install']
[0.372s] Level 1:colcon.colcon_core.package_identification:_identify(.) by extension 'ignore'
[0.372s] Level 1:colcon.colcon_core.package_identification:_identify(.) by extension 'ignore_ament_install'
[0.372s] Level 1:colcon.colcon_core.package_identification:_identify(.) by extensions ['colcon_pkg']
[0.372s] Level 1:colcon.colcon_core.package_identification:_identify(.) by extension 'colcon_pkg'
[0.372s] Level 1:colcon.colcon_core.package_identification:_identify(.) by extensions ['colcon_meta']
[0.372s] Level 1:colcon.colcon_core.package_identification:_identify(.) by extension 'colcon_meta'
[0.372s] Level 1:colcon.colcon_core.package_identification:_identify(.) by extensions ['ros']
[0.372s] Level 1:colcon.colcon_core.package_identification:_identify(.) by extension 'ros'
[0.417s] Level 1:colcon.colcon_core.package_identification:_identify(.) by extensions ['cmake', 'python']
[0.417s] Level 1:colcon.colcon_core.package_identification:_identify(.) by extension 'cmake'
[0.417s] Level 1:colcon.colcon_core.package_identification:_identify(.) by extension 'python'
[0.417s] Level 1:colcon.colcon_core.package_identification:_identify(.) by extensions ['python_setup_py']
[0.417s] Level 1:colcon.colcon_core.package_identification:_identify(.) by extension 'python_setup_py'
[0.417s] Level 1:colcon.colcon_core.package_identification:_identify(arm_sim) by extensions ['ignore', 'ignore_ament_install']
[0.418s] Level 1:colcon.colcon_core.package_identification:_identify(arm_sim) by extension 'ignore'
[0.418s] Level 1:colcon.colcon_core.package_identification:_identify(arm_sim) by extension 'ignore_ament_install'
[0.418s] Level 1:colcon.colcon_core.package_identification:_identify(arm_sim) by extensions ['colcon_pkg']
[0.418s] Level 1:colcon.colcon_core.package_identification:_identify(arm_sim) by extension 'colcon_pkg'
[0.418s] Level 1:colcon.colcon_core.package_identification:_identify(arm_sim) by extensions ['colcon_meta']
[0.418s] Level 1:colcon.colcon_core.package_identification:_identify(arm_sim) by extension 'colcon_meta'
[0.418s] Level 1:colcon.colcon_core.package_identification:_identify(arm_sim) by extensions ['ros']
[0.418s] Level 1:colcon.colcon_core.package_identification:_identify(arm_sim) by extension 'ros'
[0.421s] DEBUG:colcon.colcon_core.package_identification:Package 'arm_sim' with type 'ros.ament_cmake' and name 'arm_sim'
[0.422s] Level 1:colcon.colcon_core.package_identification:_identify(build) by extensions ['ignore', 'ignore_ament_install']
[0.422s] Level 1:colcon.colcon_core.package_identification:_identify(build) by extension 'ignore'
[0.422s] Level 1:colcon.colcon_core.package_identification:_identify(build) ignored
[0.422s] Level 1:colcon.colcon_core.package_identification:_identify(install) by extensions ['ignore', 'ignore_ament_install']
[0.422s] Level 1:colcon.colcon_core.package_identification:_identify(install) by extension 'ignore'
[0.422s] Level 1:colcon.colcon_core.package_identification:_identify(install) ignored
[0.422s] Level 1:colcon.colcon_core.package_identification:_identify(log) by extensions ['ignore', 'ignore_ament_install']
[0.422s] Level 1:colcon.colcon_core.package_identification:_identify(log) by extension 'ignore'
[0.423s] Level 1:colcon.colcon_core.package_identification:_identify(log) ignored
[0.423s] Level 1:colcon.colcon_core.package_identification:_identify(src) by extensions ['ignore', 'ignore_ament_install']
[0.423s] Level 1:colcon.colcon_core.package_identification:_identify(src) by extension 'ignore'
[0.423s] Level 1:colcon.colcon_core.package_identification:_identify(src) by extension 'ignore_ament_install'
[0.423s] Level 1:colcon.colcon_core.package_identification:_identify(src) by extensions ['colcon_pkg']
[0.423s] Level 1:colcon.colcon_core.package_identification:_identify(src) by extension 'colcon_pkg'
[0.423s] Level 1:colcon.colcon_core.package_identification:_identify(src) by extensions ['colcon_meta']
[0.423s] Level 1:colcon.colcon_core.package_identification:_identify(src) by extension 'colcon_meta'
[0.423s] Level 1:colcon.colcon_core.package_identification:_identify(src) by extensions ['ros']
[0.423s] Level 1:colcon.colcon_core.package_identification:_identify(src) by extension 'ros'
[0.423s] Level 1:colcon.colcon_core.package_identification:_identify(src) by extensions ['cmake', 'python']
[0.423s] Level 1:colcon.colcon_core.package_identification:_identify(src) by extension 'cmake'
[0.423s] Level 1:colcon.colcon_core.package_identification:_identify(src) by extension 'python'
[0.423s] Level 1:colcon.colcon_core.package_identification:_identify(src) by extensions ['python_setup_py']
[0.423s] Level 1:colcon.colcon_core.package_identification:_identify(src) by extension 'python_setup_py'
[0.424s] Level 1:colcon.colcon_core.package_discovery:discover_packages(recursive) using defaults
[0.424s] Level 1:colcon.colcon_core.package_discovery:discover_packages(ignore) discover
[0.424s] Level 1:colcon.colcon_core.package_discovery:discover_packages(ignore) using defaults
[0.424s] Level 1:colcon.colcon_core.package_discovery:discover_packages(path) discover
[0.424s] Level 1:colcon.colcon_core.package_discovery:discover_packages(path) using defaults
[0.470s] Level 1:colcon.colcon_core.package_discovery:discover_packages(prefix_path) check parameters
[0.470s] Level 1:colcon.colcon_core.package_discovery:discover_packages(prefix_path) discover
[0.489s] DEBUG:colcon.colcon_installed_package_information.package_discovery:Found 1 installed packages in /home/tony/progetti_ros/RP/ws/install
[0.502s] DEBUG:colcon.colcon_installed_package_information.package_discovery:Found 365 installed packages in /home/tony/ros2_jazzy/install
[0.520s] Level 1:colcon.colcon_core.package_discovery:discover_packages(prefix_path) using defaults
[0.562s] Level 5:colcon.colcon_core.verb:set package 'arm_sim' build argument 'cmake_args' from command line to 'None'
[0.562s] Level 5:colcon.colcon_core.verb:set package 'arm_sim' build argument 'cmake_target' from command line to 'None'
[0.562s] Level 5:colcon.colcon_core.verb:set package 'arm_sim' build argument 'cmake_target_skip_unavailable' from command line to 'False'
[0.562s] Level 5:colcon.colcon_core.verb:set package 'arm_sim' build argument 'cmake_clean_cache' from command line to 'False'
[0.562s] Level 5:colcon.colcon_core.verb:set package 'arm_sim' build argument 'cmake_clean_first' from command line to 'False'
[0.562s] Level 5:colcon.colcon_core.verb:set package 'arm_sim' build argument 'cmake_force_configure' from command line to 'False'
[0.563s] Level 5:colcon.colcon_core.verb:set package 'arm_sim' build argument 'ament_cmake_args' from command line to 'None'
[0.563s] Level 5:colcon.colcon_core.verb:set package 'arm_sim' build argument 'catkin_cmake_args' from command line to 'None'
[0.563s] Level 5:colcon.colcon_core.verb:set package 'arm_sim' build argument 'catkin_skip_building_tests' from command line to 'False'
[0.563s] DEBUG:colcon.colcon_core.verb:Building package 'arm_sim' with the following arguments: {'ament_cmake_args': None, 'build_base': '/home/tony/progetti_ros/RP/ws/build/arm_sim', 'catkin_cmake_args': None, 'catkin_skip_building_tests': False, 'cmake_args': None, 'cmake_clean_cache': False, 'cmake_clean_first': False, 'cmake_force_configure': False, 'cmake_target': None, 'cmake_target_skip_unavailable': False, 'install_base': '/home/tony/progetti_ros/RP/ws/install/arm_sim', 'merge_install': False, 'path': '/home/tony/progetti_ros/RP/ws/arm_sim', 'symlink_install': True, 'test_result_base': None}
[0.563s] INFO:colcon.colcon_core.executor:Executing jobs using 'parallel' executor
[0.564s] DEBUG:colcon.colcon_parallel_executor.executor.parallel:run_until_complete
[0.565s] INFO:colcon.colcon_ros.task.ament_cmake.build:Building ROS package in '/home/tony/progetti_ros/RP/ws/arm_sim' with build type 'ament_cmake'
[0.565s] INFO:colcon.colcon_cmake.task.cmake.build:Building CMake package in '/home/tony/progetti_ros/RP/ws/arm_sim'
[0.575s] INFO:colcon.colcon_core.plugin_system:Skipping extension 'colcon_core.shell.bat': Not used on non-Windows systems
[0.575s] INFO:colcon.colcon_core.shell:Skip shell extension 'powershell' for command environment: Not usable outside of PowerShell
[0.575s] DEBUG:colcon.colcon_core.shell:Skip shell extension 'dsv' for command environment
[0.620s] DEBUG:colcon.colcon_core.event_handler.log_command:Invoking command in '/home/tony/progetti_ros/RP/ws/build/arm_sim': CMAKE_PREFIX_PATH=${CMAKE_PREFIX_PATH}:/home/tony/ros2_jazzy/install/rqt_bag_plugins:/home/tony/ros2_jazzy/install/rqt_bag:/home/tony/ros2_jazzy/install/rosbag2_examples_py:/home/tony/ros2_jazzy/install/launch_testing_examples:/home/tony/ros2_jazzy/install/ros2bag:/home/tony/ros2_jazzy/install/tracetools_test:/home/tony/ros2_jazzy/install/tracetools_launch:/home/tony/ros2_jazzy/install/topic_monitor:/home/tony/ros2_jazzy/install/tf2_tools:/home/tony/ros2_jazzy/install/examples_tf2_py:/home/tony/ros2_jazzy/install/tf2_ros_py:/home/tony/ros2_jazzy/install/examples_rclpy_pointcloud_publisher:/home/tony/ros2_jazzy/install/sensor_msgs_py:/home/tony/ros2_jazzy/install/quality_of_service_demo_py:/home/tony/ros2_jazzy/install/camera_info_manager_py:/home/tony/ros2_jazzy/install/rqt_plot:/home/tony/ros2_jazzy/install/ros2doctor:/home/tony/ros2_jazzy/install/lifecycle_py:/home/tony/ros2_jazzy/install/examples_rclpy_minimal_subscriber:/home/tony/ros2_jazzy/install/examples_rclpy_minimal_service:/home/tony/ros2_jazzy/install/examples_rclpy_minimal_publisher:/home/tony/ros2_jazzy/install/examples_rclpy_minimal_client:/home/tony/ros2_jazzy/install/examples_rclpy_executors:/home/tony/ros2_jazzy/install/demo_nodes_py:/home/tony/ros2_jazzy/install/rqt:/home/tony/ros2_jazzy/install/ros2component:/home/tony/ros2_jazzy/install/sros2:/home/tony/ros2_jazzy/install/rqt_topic:/home/tony/ros2_jazzy/install/rqt_srv:/home/tony/ros2_jazzy/install/rqt_shell:/home/tony/ros2_jazzy/install/rqt_service_caller:/home/tony/ros2_jazzy/install/rqt_reconfigure:/home/tony/ros2_jazzy/install/rqt_py_console:/home/tony/ros2_jazzy/install/rqt_publisher:/home/tony/ros2_jazzy/install/rqt_action:/home/tony/ros2_jazzy/install/rqt_msg:/home/tony/ros2_jazzy/install/rqt_console:/home/tony/ros2_jazzy/install/rqt_graph:/home/tony/ros2_jazzy/install/rqt_gui_py:/home/tony/ros2_jazzy/install/rqt_gui:/home/tony/ros2_jazzy/install/ros2trace:/home/tony/ros2_jazzy/install/ros2param:/home/tony/ros2_jazzy/install/ros2lifecycle:/home/tony/ros2_jazzy/install/ros2service:/home/tony/ros2_jazzy/install/ros2topic:/home/tony/ros2_jazzy/install/ros2test:/home/tony/ros2_jazzy/install/ros2run:/home/tony/ros2_jazzy/install/ros2plugin:/home/tony/ros2_jazzy/install/ros2launch:/home/tony/ros2_jazzy/install/ros2pkg:/home/tony/ros2_jazzy/install/ros2node:/home/tony/ros2_jazzy/install/ros2multicast:/home/tony/ros2_jazzy/install/ros2interface:/home/tony/ros2_jazzy/install/ros2action:/home/tony/ros2_jazzy/install/ros2cli:/home/tony/ros2_jazzy/install/launch_testing_ros:/home/tony/ros2_jazzy/install/launch_ros:/home/tony/ros2_jazzy/install/examples_rclpy_minimal_action_server:/home/tony/ros2_jazzy/install/examples_rclpy_minimal_action_client:/home/tony/ros2_jazzy/install/examples_rclpy_guard_conditions:/home/tony/ros2_jazzy/install/action_tutorials_py:/home/tony/ros2_jazzy/install/ament_uncrustify:/home/tony/ros2_jazzy/install/tracetools_trace:/home/tony/ros2_jazzy/install/tracetools_read:/home/tony/ros2_jazzy/install/test_tracetools_launch:/home/tony/ros2_jazzy/install/test_ros2trace:/home/tony/ros2_jazzy/install/test_launch_ros:/home/tony/ros2_jazzy/install/rpyutils:/home/tony/ros2_jazzy/install/rosidl_runtime_py:/home/tony/ros2_jazzy/install/rosidl_pycommon:/home/tony/ros2_jazzy/install/rosidl_cli:/home/tony/ros2_jazzy/install/launch_pytest:/home/tony/ros2_jazzy/install/launch_testing:/home/tony/ros2_jazzy/install/launch_yaml:/home/tony/ros2_jazzy/install/launch_xml:/home/tony/ros2_jazzy/install/launch:/home/tony/ros2_jazzy/install/osrf_pycommon:/home/tony/ros2_jazzy/install/domain_coordinator:/home/tony/ros2_jazzy/install/ament_xmllint:/home/tony/ros2_jazzy/install/ament_pyflakes:/home/tony/ros2_jazzy/install/ament_pycodestyle:/home/tony/ros2_jazzy/install/ament_pep257:/home/tony/ros2_jazzy/install/ament_pclint:/home/tony/ros2_jazzy/install/ament_package:/home/tony/ros2_jazzy/install/ament_mypy:/home/tony/ros2_jazzy/install/ament_lint_cmake:/home/tony/ros2_jazzy/install/ament_flake8:/home/tony/ros2_jazzy/install/ament_copyright:/home/tony/ros2_jazzy/install/ament_lint:/home/tony/ros2_jazzy/install/ament_index_python:/home/tony/ros2_jazzy/install/ament_cpplint:/home/tony/ros2_jazzy/install/ament_cppcheck:/home/tony/ros2_jazzy/install/ament_clang_tidy:/home/tony/ros2_jazzy/install/ament_clang_format DEBUGINFOD_URLS=https://debuginfod.ubuntu.com /usr/bin/cmake --build /home/tony/progetti_ros/RP/ws/build/arm_sim -- -j4 -l4
[0.805s] DEBUG:colcon.colcon_core.event_handler.log_command:Invoked command in '/home/tony/progetti_ros/RP/ws/build/arm_sim' returned '0': CMAKE_PREFIX_PATH=${CMAKE_PREFIX_PATH}:/home/tony/ros2_jazzy/install/rqt_bag_plugins:/home/tony/ros2_jazzy/install/rqt_bag:/home/tony/ros2_jazzy/install/rosbag2_examples_py:/home/tony/ros2_jazzy/install/launch_testing_examples:/home/tony/ros2_jazzy/install/ros2bag:/home/tony/ros2_jazzy/install/tracetools_test:/home/tony/ros2_jazzy/install/tracetools_launch:/home/tony/ros2_jazzy/install/topic_monitor:/home/tony/ros2_jazzy/install/tf2_tools:/home/tony/ros2_jazzy/install/examples_tf2_py:/home/tony/ros2_jazzy/install/tf2_ros_py:/home/tony/ros2_jazzy/install/examples_rclpy_pointcloud_publisher:/home/tony/ros2_jazzy/install/sensor_msgs_py:/home/tony/ros2_jazzy/install/quality_of_service_demo_py:/home/tony/ros2_jazzy/install/camera_info_manager_py:/home/tony/ros2_jazzy/install/rqt_plot:/home/tony/ros2_jazzy/install/ros2doctor:/home/tony/ros2_jazzy/install/lifecycle_py:/home/tony/ros2_jazzy/install/examples_rclpy_minimal_subscriber:/home/tony/ros2_jazzy/install/examples_rclpy_minimal_service:/home/tony/ros2_jazzy/install/examples_rclpy_minimal_publisher:/home/tony/ros2_jazzy/install/examples_rclpy_minimal_client:/home/tony/ros2_jazzy/install/examples_rclpy_executors:/home/tony/ros2_jazzy/install/demo_nodes_py:/home/tony/ros2_jazzy/install/rqt:/home/tony/ros2_jazzy/install/ros2component:/home/tony/ros2_jazzy/install/sros2:/home/tony/ros2_jazzy/install/rqt_topic:/home/tony/ros2_jazzy/install/rqt_srv:/home/tony/ros2_jazzy/install/rqt_shell:/home/tony/ros2_jazzy/install/rqt_service_caller:/home/tony/ros2_jazzy/install/rqt_reconfigure:/home/tony/ros2_jazzy/install/rqt_py_console:/home/tony/ros2_jazzy/install/rqt_publisher:/home/tony/ros2_jazzy/install/rqt_action:/home/tony/ros2_jazzy/install/rqt_msg:/home/tony/ros2_jazzy/install/rqt_console:/home/tony/ros2_jazzy/install/rqt_graph:/home/tony/ros2_jazzy/install/rqt_gui_py:/home/tony/ros2_jazzy/install/rqt_gui:/home/tony/ros2_jazzy/install/ros2trace:/home/tony/ros2_jazzy/install/ros2param:/home/tony/ros2_jazzy/install/ros2lifecycle:/home/tony/ros2_jazzy/install/ros2service:/home/tony/ros2_jazzy/install/ros2topic:/home/tony/ros2_jazzy/install/ros2test:/home/tony/ros2_jazzy/install/ros2run:/home/tony/ros2_jazzy/install/ros2plugin:/home/tony/ros2_jazzy/install/ros2launch:/home/tony/ros2_jazzy/install/ros2pkg:/home/tony/ros2_jazzy/install/ros2node:/home/tony/ros2_jazzy/install/ros2multicast:/home/tony/ros2_jazzy/install/ros2interface:/home/tony/ros2_jazzy/install/ros2action:/home/tony/ros2_jazzy/install/ros2cli:/home/tony/ros2_jazzy/install/launch_testing_ros:/home/tony/ros2_jazzy/install/launch_ros:/home/tony/ros2_jazzy/install/examples_rclpy_minimal_action_server:/home/tony/ros2_jazzy/install/examples_rclpy_minimal_action_client:/home/tony/ros2_jazzy/install/examples_rclpy_guard_conditions:/home/tony/ros2_jazzy/install/action_tutorials_py:/home/tony/ros2_jazzy/install/ament_uncrustify:/home/tony/ros2_jazzy/install/tracetools_trace:/home/tony/ros2_jazzy/install/tracetools_read:/home/tony/ros2_jazzy/install/test_tracetools_launch:/home/tony/ros2_jazzy/install/test_ros2trace:/home/tony/ros2_jazzy/install/test_launch_ros:/home/tony/ros2_jazzy/install/rpyutils:/home/tony/ros2_jazzy/install/rosidl_runtime_py:/home/tony/ros2_jazzy/install/rosidl_pycommon:/home/tony/ros2_jazzy/install/rosidl_cli:/home/tony/ros2_jazzy/install/launch_pytest:/home/tony/ros2_jazzy/install/launch_testing:/home/tony/ros2_jazzy/install/launch_yaml:/home/tony/ros2_jazzy/install/launch_xml:/home/tony/ros2_jazzy/install/launch:/home/tony/ros2_jazzy/install/osrf_pycommon:/home/tony/ros2_jazzy/install/domain_coordinator:/home/tony/ros2_jazzy/install/ament_xmllint:/home/tony/ros2_jazzy/install/ament_pyflakes:/home/tony/ros2_jazzy/install/ament_pycodestyle:/home/tony/ros2_jazzy/install/ament_pep257:/home/tony/ros2_jazzy/install/ament_pclint:/home/tony/ros2_jazzy/install/ament_package:/home/tony/ros2_jazzy/install/ament_mypy:/home/tony/ros2_jazzy/install/ament_lint_cmake:/home/tony/ros2_jazzy/install/ament_flake8:/home/tony/ros2_jazzy/install/ament_copyright:/home/tony/ros2_jazzy/install/ament_lint:/home/tony/ros2_jazzy/install/ament_index_python:/home/tony/ros2_jazzy/install/ament_cpplint:/home/tony/ros2_jazzy/install/ament_cppcheck:/home/tony/ros2_jazzy/install/ament_clang_tidy:/home/tony/ros2_jazzy/install/ament_clang_format DEBUGINFOD_URLS=https://debuginfod.ubuntu.com /usr/bin/cmake --build /home/tony/progetti_ros/RP/ws/build/arm_sim -- -j4 -l4
[0.829s] DEBUG:colcon.colcon_core.event_handler.log_command:Invoking command in '/home/tony/progetti_ros/RP/ws/build/arm_sim': CMAKE_PREFIX_PATH=${CMAKE_PREFIX_PATH}:/home/tony/ros2_jazzy/install/rqt_bag_plugins:/home/tony/ros2_jazzy/install/rqt_bag:/home/tony/ros2_jazzy/install/rosbag2_examples_py:/home/tony/ros2_jazzy/install/launch_testing_examples:/home/tony/ros2_jazzy/install/ros2bag:/home/tony/ros2_jazzy/install/tracetools_test:/home/tony/ros2_jazzy/install/tracetools_launch:/home/tony/ros2_jazzy/install/topic_monitor:/home/tony/ros2_jazzy/install/tf2_tools:/home/tony/ros2_jazzy/install/examples_tf2_py:/home/tony/ros2_jazzy/install/tf2_ros_py:/home/tony/ros2_jazzy/install/examples_rclpy_pointcloud_publisher:/home/tony/ros2_jazzy/install/sensor_msgs_py:/home/tony/ros2_jazzy/install/quality_of_service_demo_py:/home/tony/ros2_jazzy/install/camera_info_manager_py:/home/tony/ros2_jazzy/install/rqt_plot:/home/tony/ros2_jazzy/install/ros2doctor:/home/tony/ros2_jazzy/install/lifecycle_py:/home/tony/ros2_jazzy/install/examples_rclpy_minimal_subscriber:/home/tony/ros2_jazzy/install/examples_rclpy_minimal_service:/home/tony/ros2_jazzy/install/examples_rclpy_minimal_publisher:/home/tony/ros2_jazzy/install/examples_rclpy_minimal_client:/home/tony/ros2_jazzy/install/examples_rclpy_executors:/home/tony/ros2_jazzy/install/demo_nodes_py:/home/tony/ros2_jazzy/install/rqt:/home/tony/ros2_jazzy/install/ros2component:/home/tony/ros2_jazzy/install/sros2:/home/tony/ros2_jazzy/install/rqt_topic:/home/tony/ros2_jazzy/install/rqt_srv:/home/tony/ros2_jazzy/install/rqt_shell:/home/tony/ros2_jazzy/install/rqt_service_caller:/home/tony/ros2_jazzy/install/rqt_reconfigure:/home/tony/ros2_jazzy/install/rqt_py_console:/home/tony/ros2_jazzy/install/rqt_publisher:/home/tony/ros2_jazzy/install/rqt_action:/home/tony/ros2_jazzy/install/rqt_msg:/home/tony/ros2_jazzy/install/rqt_console:/home/tony/ros2_jazzy/install/rqt_graph:/home/tony/ros2_jazzy/install/rqt_gui_py:/home/tony/ros2_jazzy/install/rqt_gui:/home/tony/ros2_jazzy/install/ros2trace:/home/tony/ros2_jazzy/install/ros2param:/home/tony/ros2_jazzy/install/ros2lifecycle:/home/tony/ros2_jazzy/install/ros2service:/home/tony/ros2_jazzy/install/ros2topic:/home/tony/ros2_jazzy/install/ros2test:/home/tony/ros2_jazzy/install/ros2run:/home/tony/ros2_jazzy/install/ros2plugin:/home/tony/ros2_jazzy/install/ros2launch:/home/tony/ros2_jazzy/install/ros2pkg:/home/tony/ros2_jazzy/install/ros2node:/home/tony/ros2_jazzy/install/ros2multicast:/home/tony/ros2_jazzy/install/ros2interface:/home/tony/ros2_jazzy/install/ros2action:/home/tony/ros2_jazzy/install/ros2cli:/home/tony/ros2_jazzy/install/launch_testing_ros:/home/tony/ros2_jazzy/install/launch_ros:/home/tony/ros2_jazzy/install/examples_rclpy_minimal_action_server:/home/tony/ros2_jazzy/install/examples_rclpy_minimal_action_client:/home/tony/ros2_jazzy/install/examples_rclpy_guard_conditions:/home/tony/ros2_jazzy/install/action_tutorials_py:/home/tony/ros2_jazzy/install/ament_uncrustify:/home/tony/ros2_jazzy/install/tracetools_trace:/home/tony/ros2_jazzy/install/tracetools_read:/home/tony/ros2_jazzy/install/test_tracetools_launch:/home/tony/ros2_jazzy/install/test_ros2trace:/home/tony/ros2_jazzy/install/test_launch_ros:/home/tony/ros2_jazzy/install/rpyutils:/home/tony/ros2_jazzy/install/rosidl_runtime_py:/home/tony/ros2_jazzy/install/rosidl_pycommon:/home/tony/ros2_jazzy/install/rosidl_cli:/home/tony/ros2_jazzy/install/launch_pytest:/home/tony/ros2_jazzy/install/launch_testing:/home/tony/ros2_jazzy/install/launch_yaml:/home/tony/ros2_jazzy/install/launch_xml:/home/tony/ros2_jazzy/install/launch:/home/tony/ros2_jazzy/install/osrf_pycommon:/home/tony/ros2_jazzy/install/domain_coordinator:/home/tony/ros2_jazzy/install/ament_xmllint:/home/tony/ros2_jazzy/install/ament_pyflakes:/home/tony/ros2_jazzy/install/ament_pycodestyle:/home/tony/ros2_jazzy/install/ament_pep257:/home/tony/ros2_jazzy/install/ament_pclint:/home/tony/ros2_jazzy/install/ament_package:/home/tony/ros2_jazzy/install/ament_mypy:/home/tony/ros2_jazzy/install/ament_lint_cmake:/home/tony/ros2_jazzy/install/ament_flake8:/home/tony/ros2_jazzy/install/ament_copyright:/home/tony/ros2_jazzy/install/ament_lint:/home/tony/ros2_jazzy/install/ament_index_python:/home/tony/ros2_jazzy/install/ament_cpplint:/home/tony/ros2_jazzy/install/ament_cppcheck:/home/tony/ros2_jazzy/install/ament_clang_tidy:/home/tony/ros2_jazzy/install/ament_clang_format DEBUGINFOD_URLS=https://debuginfod.ubuntu.com /usr/bin/cmake --install /home/tony/progetti_ros/RP/ws/build/arm_sim
[0.894s] Level 1:colcon.colcon_core.environment:create_environment_scripts_only(arm_sim)
[0.895s] DEBUG:colcon.colcon_core.event_handler.log_command:Invoked command in '/home/tony/progetti_ros/RP/ws/build/arm_sim' returned '0': CMAKE_PREFIX_PATH=${CMAKE_PREFIX_PATH}:/home/tony/ros2_jazzy/install/rqt_bag_plugins:/home/tony/ros2_jazzy/install/rqt_bag:/home/tony/ros2_jazzy/install/rosbag2_examples_py:/home/tony/ros2_jazzy/install/launch_testing_examples:/home/tony/ros2_jazzy/install/ros2bag:/home/tony/ros2_jazzy/install/tracetools_test:/home/tony/ros2_jazzy/install/tracetools_launch:/home/tony/ros2_jazzy/install/topic_monitor:/home/tony/ros2_jazzy/install/tf2_tools:/home/tony/ros2_jazzy/install/examples_tf2_py:/home/tony/ros2_jazzy/install/tf2_ros_py:/home/tony/ros2_jazzy/install/examples_rclpy_pointcloud_publisher:/home/tony/ros2_jazzy/install/sensor_msgs_py:/home/tony/ros2_jazzy/install/quality_of_service_demo_py:/home/tony/ros2_jazzy/install/camera_info_manager_py:/home/tony/ros2_jazzy/install/rqt_plot:/home/tony/ros2_jazzy/install/ros2doctor:/home/tony/ros2_jazzy/install/lifecycle_py:/home/tony/ros2_jazzy/install/examples_rclpy_minimal_subscriber:/home/tony/ros2_jazzy/install/examples_rclpy_minimal_service:/home/tony/ros2_jazzy/install/examples_rclpy_minimal_publisher:/home/tony/ros2_jazzy/install/examples_rclpy_minimal_client:/home/tony/ros2_jazzy/install/examples_rclpy_executors:/home/tony/ros2_jazzy/install/demo_nodes_py:/home/tony/ros2_jazzy/install/rqt:/home/tony/ros2_jazzy/install/ros2component:/home/tony/ros2_jazzy/install/sros2:/home/tony/ros2_jazzy/install/rqt_topic:/home/tony/ros2_jazzy/install/rqt_srv:/home/tony/ros2_jazzy/install/rqt_shell:/home/tony/ros2_jazzy/install/rqt_service_caller:/home/tony/ros2_jazzy/install/rqt_reconfigure:/home/tony/ros2_jazzy/install/rqt_py_console:/home/tony/ros2_jazzy/install/rqt_publisher:/home/tony/ros2_jazzy/install/rqt_action:/home/tony/ros2_jazzy/install/rqt_msg:/home/tony/ros2_jazzy/install/rqt_console:/home/tony/ros2_jazzy/install/rqt_graph:/home/tony/ros2_jazzy/install/rqt_gui_py:/home/tony/ros2_jazzy/install/rqt_gui:/home/tony/ros2_jazzy/install/ros2trace:/home/tony/ros2_jazzy/install/ros2param:/home/tony/ros2_jazzy/install/ros2lifecycle:/home/tony/ros2_jazzy/install/ros2service:/home/tony/ros2_jazzy/install/ros2topic:/home/tony/ros2_jazzy/install/ros2test:/home/tony/ros2_jazzy/install/ros2run:/home/tony/ros2_jazzy/install/ros2plugin:/home/tony/ros2_jazzy/install/ros2launch:/home/tony/ros2_jazzy/install/ros2pkg:/home/tony/ros2_jazzy/install/ros2node:/home/tony/ros2_jazzy/install/ros2multicast:/home/tony/ros2_jazzy/install/ros2interface:/home/tony/ros2_jazzy/install/ros2action:/home/tony/ros2_jazzy/install/ros2cli:/home/tony/ros2_jazzy/install/launch_testing_ros:/home/tony/ros2_jazzy/install/launch_ros:/home/tony/ros2_jazzy/install/examples_rclpy_minimal_action_server:/home/tony/ros2_jazzy/install/examples_rclpy_minimal_action_client:/home/tony/ros2_jazzy/install/examples_rclpy_guard_conditions:/home/tony/ros2_jazzy/install/action_tutorials_py:/home/tony/ros2_jazzy/install/ament_uncrustify:/home/tony/ros2_jazzy/install/tracetools_trace:/home/tony/ros2_jazzy/install/tracetools_read:/home/tony/ros2_jazzy/install/test_tracetools_launch:/home/tony/ros2_jazzy/install/test_ros2trace:/home/tony/ros2_jazzy/install/test_launch_ros:/home/tony/ros2_jazzy/install/rpyutils:/home/tony/ros2_jazzy/install/rosidl_runtime_py:/home/tony/ros2_jazzy/install/rosidl_pycommon:/home/tony/ros2_jazzy/install/rosidl_cli:/home/tony/ros2_jazzy/install/launch_pytest:/home/tony/ros2_jazzy/install/launch_testing:/home/tony/ros2_jazzy/install/launch_yaml:/home/tony/ros2_jazzy/install/launch_xml:/home/tony/ros2_jazzy/install/launch:/home/tony/ros2_jazzy/install/osrf_pycommon:/home/tony/ros2_jazzy/install/domain_coordinator:/home/tony/ros2_jazzy/install/ament_xmllint:/home/tony/ros2_jazzy/install/ament_pyflakes:/home/tony/ros2_jazzy/install/ament_pycodestyle:/home/tony/ros2_jazzy/install/ament_pep257:/home/tony/ros2_jazzy/install/ament_pclint:/home/tony/ros2_jazzy/install/ament_package:/home/tony/ros2_jazzy/install/ament_mypy:/home/tony/ros2_jazzy/install/ament_lint_cmake:/home/tony/ros2_jazzy/install/ament_flake8:/home/tony/ros2_jazzy/install/ament_copyright:/home/tony/ros2_jazzy/install/ament_lint:/home/tony/ros2_jazzy/install/ament_index_python:/home/tony/ros2_jazzy/install/ament_cpplint:/home/tony/ros2_jazzy/install/ament_cppcheck:/home/tony/ros2_jazzy/install/ament_clang_tidy:/home/tony/ros2_jazzy/install/ament_clang_format DEBUGINFOD_URLS=https://debuginfod.ubuntu.com /usr/bin/cmake --install /home/tony/progetti_ros/RP/ws/build/arm_sim
[0.904s] Level 1:colcon.colcon_core.environment:checking '/home/tony/progetti_ros/RP/ws/install/arm_sim' for CMake module files
[0.907s] Level 1:colcon.colcon_core.environment:checking '/home/tony/progetti_ros/RP/ws/install/arm_sim' for CMake config files
[0.907s] Level 1:colcon.colcon_core.shell:create_environment_hook('arm_sim', 'cmake_prefix_path')
[0.908s] INFO:colcon.colcon_core.shell:Creating environment hook '/home/tony/progetti_ros/RP/ws/install/arm_sim/share/arm_sim/hook/cmake_prefix_path.ps1'
[0.909s] INFO:colcon.colcon_core.shell:Creating environment descriptor '/home/tony/progetti_ros/RP/ws/install/arm_sim/share/arm_sim/hook/cmake_prefix_path.dsv'
[0.911s] INFO:colcon.colcon_core.shell:Creating environment hook '/home/tony/progetti_ros/RP/ws/install/arm_sim/share/arm_sim/hook/cmake_prefix_path.sh'
[0.913s] Level 1:colcon.colcon_core.environment:checking '/home/tony/progetti_ros/RP/ws/install/arm_sim/lib'
[0.914s] Level 1:colcon.colcon_core.environment:checking '/home/tony/progetti_ros/RP/ws/install/arm_sim/bin'
[0.914s] Level 1:colcon.colcon_core.environment:checking '/home/tony/progetti_ros/RP/ws/install/arm_sim/lib/pkgconfig/arm_sim.pc'
[0.919s] Level 1:colcon.colcon_core.environment:checking '/home/tony/progetti_ros/RP/ws/install/arm_sim/lib/python3.12/site-packages'
[0.919s] Level 1:colcon.colcon_core.environment:checking '/home/tony/progetti_ros/RP/ws/install/arm_sim/bin'
[0.920s] INFO:colcon.colcon_core.shell:Creating package script '/home/tony/progetti_ros/RP/ws/install/arm_sim/share/arm_sim/package.ps1'
[0.921s] INFO:colcon.colcon_core.shell:Creating package descriptor '/home/tony/progetti_ros/RP/ws/install/arm_sim/share/arm_sim/package.dsv'
[0.922s] INFO:colcon.colcon_core.shell:Creating package script '/home/tony/progetti_ros/RP/ws/install/arm_sim/share/arm_sim/package.sh'
[0.923s] INFO:colcon.colcon_core.shell:Creating package script '/home/tony/progetti_ros/RP/ws/install/arm_sim/share/arm_sim/package.bash'
[0.924s] INFO:colcon.colcon_core.shell:Creating package script '/home/tony/progetti_ros/RP/ws/install/arm_sim/share/arm_sim/package.zsh'
[0.925s] Level 1:colcon.colcon_core.environment:create_file_with_runtime_dependencies(/home/tony/progetti_ros/RP/ws/install/arm_sim/share/colcon-core/packages/arm_sim)
[0.926s] Level 1:colcon.colcon_core.environment:create_environment_scripts_only(arm_sim)
[0.926s] Level 1:colcon.colcon_core.environment:checking '/home/tony/progetti_ros/RP/ws/install/arm_sim' for CMake module files
[0.927s] Level 1:colcon.colcon_core.environment:checking '/home/tony/progetti_ros/RP/ws/install/arm_sim' for CMake config files
[0.928s] Level 1:colcon.colcon_core.shell:create_environment_hook('arm_sim', 'cmake_prefix_path')
[0.928s] INFO:colcon.colcon_core.shell:Creating environment hook '/home/tony/progetti_ros/RP/ws/install/arm_sim/share/arm_sim/hook/cmake_prefix_path.ps1'
[0.929s] INFO:colcon.colcon_core.shell:Creating environment descriptor '/home/tony/progetti_ros/RP/ws/install/arm_sim/share/arm_sim/hook/cmake_prefix_path.dsv'
[0.929s] INFO:colcon.colcon_core.shell:Creating environment hook '/home/tony/progetti_ros/RP/ws/install/arm_sim/share/arm_sim/hook/cmake_prefix_path.sh'
[0.930s] Level 1:colcon.colcon_core.environment:checking '/home/tony/progetti_ros/RP/ws/install/arm_sim/lib'
[0.930s] Level 1:colcon.colcon_core.environment:checking '/home/tony/progetti_ros/RP/ws/install/arm_sim/bin'
[0.930s] Level 1:colcon.colcon_core.environment:checking '/home/tony/progetti_ros/RP/ws/install/arm_sim/lib/pkgconfig/arm_sim.pc'
[0.931s] Level 1:colcon.colcon_core.environment:checking '/home/tony/progetti_ros/RP/ws/install/arm_sim/lib/python3.12/site-packages'
[0.931s] Level 1:colcon.colcon_core.environment:checking '/home/tony/progetti_ros/RP/ws/install/arm_sim/bin'
[0.932s] INFO:colcon.colcon_core.shell:Creating package script '/home/tony/progetti_ros/RP/ws/install/arm_sim/share/arm_sim/package.ps1'
[0.932s] INFO:colcon.colcon_core.shell:Creating package descriptor '/home/tony/progetti_ros/RP/ws/install/arm_sim/share/arm_sim/package.dsv'
[0.933s] INFO:colcon.colcon_core.shell:Creating package script '/home/tony/progetti_ros/RP/ws/install/arm_sim/share/arm_sim/package.sh'
[0.934s] INFO:colcon.colcon_core.shell:Creating package script '/home/tony/progetti_ros/RP/ws/install/arm_sim/share/arm_sim/package.bash'
[0.934s] INFO:colcon.colcon_core.shell:Creating package script '/home/tony/progetti_ros/RP/ws/install/arm_sim/share/arm_sim/package.zsh'
[0.935s] Level 1:colcon.colcon_core.environment:create_file_with_runtime_dependencies(/home/tony/progetti_ros/RP/ws/install/arm_sim/share/colcon-core/packages/arm_sim)
[0.935s] DEBUG:colcon.colcon_parallel_executor.executor.parallel:closing loop
[0.936s] DEBUG:colcon.colcon_parallel_executor.executor.parallel:loop closed
[0.936s] DEBUG:colcon.colcon_parallel_executor.executor.parallel:run_until_complete finished with '0'
[0.936s] DEBUG:colcon.colcon_core.event_reactor:joining thread
[0.952s] INFO:colcon.colcon_core.plugin_system:Skipping extension 'colcon_notification.desktop_notification.terminal_notifier': Not used on non-Darwin systems
[0.952s] INFO:colcon.colcon_core.plugin_system:Skipping extension 'colcon_notification.desktop_notification.win32': Not used on non-Windows systems
[0.952s] INFO:colcon.colcon_notification.desktop_notification:Sending desktop notification using 'notify2'
[0.965s] DEBUG:colcon.colcon_core.event_reactor:joined thread
[0.966s] INFO:colcon.colcon_core.shell:Creating prefix script '/home/tony/progetti_ros/RP/ws/install/local_setup.ps1'
[0.967s] INFO:colcon.colcon_core.shell:Creating prefix util module '/home/tony/progetti_ros/RP/ws/install/_local_setup_util_ps1.py'
[0.968s] INFO:colcon.colcon_core.shell:Creating prefix chain script '/home/tony/progetti_ros/RP/ws/install/setup.ps1'
[0.989s] INFO:colcon.colcon_core.shell:Creating prefix script '/home/tony/progetti_ros/RP/ws/install/local_setup.sh'
[0.990s] INFO:colcon.colcon_core.shell:Creating prefix util module '/home/tony/progetti_ros/RP/ws/install/_local_setup_util_sh.py'
[0.991s] INFO:colcon.colcon_core.shell:Creating prefix chain script '/home/tony/progetti_ros/RP/ws/install/setup.sh'
[1.009s] INFO:colcon.colcon_core.shell:Creating prefix script '/home/tony/progetti_ros/RP/ws/install/local_setup.bash'
[1.010s] INFO:colcon.colcon_core.shell:Creating prefix chain script '/home/tony/progetti_ros/RP/ws/install/setup.bash'
[1.028s] INFO:colcon.colcon_core.shell:Creating prefix script '/home/tony/progetti_ros/RP/ws/install/local_setup.zsh'
[1.028s] INFO:colcon.colcon_core.shell:Creating prefix chain script '/home/tony/progetti_ros/RP/ws/install/setup.zsh'
