[100%] Built target arm_node
-- Install configuration: ""
-- Execute custom install script
-- Up-to-date symlink: /home/tony/progetti_ros/RP/ws/install/arm_sim/lib/arm_sim/arm_node
-- Up-to-date symlink: /home/tony/progetti_ros/RP/ws/install/arm_sim/share/ament_index/resource_index/package_run_dependencies/arm_sim
-- Up-to-date symlink: /home/tony/progetti_ros/RP/ws/install/arm_sim/share/ament_index/resource_index/parent_prefix_path/arm_sim
-- Up-to-date symlink: /home/tony/progetti_ros/RP/ws/install/arm_sim/share/arm_sim/environment/ament_prefix_path.sh
-- Up-to-date symlink: /home/tony/progetti_ros/RP/ws/install/arm_sim/share/arm_sim/environment/ament_prefix_path.dsv
-- Up-to-date symlink: /home/tony/progetti_ros/RP/ws/install/arm_sim/share/arm_sim/environment/path.sh
-- Up-to-date symlink: /home/tony/progetti_ros/RP/ws/install/arm_sim/share/arm_sim/environment/path.dsv
-- Up-to-date symlink: /home/tony/progetti_ros/RP/ws/install/arm_sim/share/arm_sim/local_setup.bash
-- Up-to-date symlink: /home/tony/progetti_ros/RP/ws/install/arm_sim/share/arm_sim/local_setup.sh
-- Up-to-date symlink: /home/tony/progetti_ros/RP/ws/install/arm_sim/share/arm_sim/local_setup.zsh
-- Up-to-date symlink: /home/tony/progetti_ros/RP/ws/install/arm_sim/share/arm_sim/local_setup.dsv
-- Symlinking: /home/tony/progetti_ros/RP/ws/install/arm_sim/share/arm_sim/package.dsv
-- Up-to-date symlink: /home/tony/progetti_ros/RP/ws/install/arm_sim/share/ament_index/resource_index/packages/arm_sim
-- Up-to-date symlink: /home/tony/progetti_ros/RP/ws/install/arm_sim/share/arm_sim/cmake/arm_simConfig.cmake
-- Up-to-date symlink: /home/tony/progetti_ros/RP/ws/install/arm_sim/share/arm_sim/cmake/arm_simConfig-version.cmake
-- Up-to-date symlink: /home/tony/progetti_ros/RP/ws/install/arm_sim/share/arm_sim/package.xml
-- Up-to-date symlink: /home/tony/progetti_ros/RP/ws/install/arm_sim/share/arm_sim//urdf/2R_planar.urdf
-- Up-to-date symlink: /home/tony/progetti_ros/RP/ws/install/arm_sim/share/arm_sim//urdf/3R.urdf
-- Up-to-date symlink: /home/tony/progetti_ros/RP/ws/install/arm_sim/share/arm_sim//launch/arm_full_launch.py
-- Up-to-date symlink: /home/tony/progetti_ros/RP/ws/install/arm_sim/share/arm_sim//launch/arm_node_launch.py
-- Up-to-date symlink: /home/tony/progetti_ros/RP/ws/install/arm_sim/share/arm_sim//launch/arm_rviz_launch.py
-- Up-to-date symlink: /home/tony/progetti_ros/RP/ws/install/arm_sim/share/arm_sim//config/2R_planar.json
-- Up-to-date symlink: /home/tony/progetti_ros/RP/ws/install/arm_sim/share/arm_sim//config/3R.json
-- Symlinking: /home/tony/progetti_ros/RP/ws/install/arm_sim/share/arm_sim//config/visualizer.rviz
